node.exe : node:interna
l/modules/cjs/loader:14
21
At line:1 char:1
+ & "C:\Program 
Files\nodejs/node.exe" 
"C:\Program 
Files\nodejs/node_mo 
...
+ ~~~~~~~~~~~~~~~~~~~~~
~~~~~~~~~~~~~~~~~~~~~~~
~~~~~~~~~~~~~~~~~~~~~~~
~~
    + CategoryInfo     
         : NotSpecifi  
  ed: (node:internal   
 /modules/cjs/loade    
r:1421:String) [],     
RemoteException
    + FullyQualifiedEr 
   rorId : NativeComm  
  andError
 
  const err = new 
Error(message);
              ^

Error: Cannot find 
module '@prisma/client'
Require stack:
- D:\isBuildTech\backen
d\src\index.ts
    at node:internal/mo
dules/cjs/loader:1421:1
5
    at 
nextResolveSimple (D:\i
sBuildTech\backend\node
_modules\tsx\dist\regis
ter-D46fvsV_.cjs:4:1004
)
    at D:\isBuildTech\b
ackend\node_modules\tsx
\dist\register-D46fvsV_
.cjs:3:2630
    at D:\isBuildTech\b
ackend\node_modules\tsx
\dist\register-D46fvsV_
.cjs:3:1542
    at resolveTsPaths (
D:\isBuildTech\backend\
node_modules\tsx\dist\r
egister-D46fvsV_.cjs:4:
760)
    at D:\isBuildTech\b
ackend\node_modules\tsx
\dist\register-D46fvsV_
.cjs:4:1102
    at 
m._resolveFilename (fil
e:///D:/isBuildTech/bac
kend/node_modules/tsx/d
ist/register-B7jrtLTO.m
js:1:789)
    at 
defaultResolveImpl (nod
e:internal/modules/cjs/
loader:1059:19)
    at 
resolveForCJSWithHooks 
(node:internal/modules/
cjs/loader:1064:22)
    at Module._load (no
de:internal/modules/cjs
/loader:1227:37) {
  code: 
'MODULE_NOT_FOUND',
  requireStack: [ 'D:\\
isBuildTech\\backend\\s
rc\\index.ts' ]
}

Node.js v24.12.0
